{"name": "test_fail", "status": "failed", "statusDetails": {"message": "AssertionError: assert False", "trace": ">   ???\nE   assert False\n\nd:\\python_learn\\7-pytest单元测试框架模块\\test_demo_allure测试报告\\test_demo_allure.py:9: AssertionError"}, "attachments": [{"name": "stdout", "source": "27b8f669-eca1-46d9-b348-27ba358a4054-attachment.txt", "type": "text/plain"}], "start": 1768535896403, "stop": 1768535896403, "uuid": "6fc1c945-3a6c-4bff-8968-2684cd64022d", "historyId": "a52dff6aee0f42799518efcb350449b3", "testCaseId": "a52dff6aee0f42799518efcb350449b3", "fullName": "test_demo_allure#test_fail", "labels": [{"name": "suite", "value": "test_demo_allure"}, {"name": "host", "value": "DESKTOP-7QJN7ML"}, {"name": "thread", "value": "19268-MainThread"}, {"name": "framework", "value": "pytest"}, {"name": "language", "value": "cpython3"}, {"name": "package", "value": "test_demo_allure"}], "titlePath": ["test_demo_allure.py"]}