{"name": "test_fail", "status": "failed", "statusDetails": {"message": "AssertionError: assert False", "trace": ">   ???\nE   assert False\n\nd:\\python_learn\\7-pytest单元测试框架模块\\test_demo_allure测试报告\\test_demo_allure.py:9: AssertionError"}, "attachments": [{"name": "stdout", "source": "e4792d6c-88c2-4c1c-bcec-e9a723fd8ee1-attachment.txt", "type": "text/plain"}], "start": 1768534375710, "stop": 1768534375711, "uuid": "4607054d-490c-4f46-a02a-a6c2249345d3", "historyId": "a52dff6aee0f42799518efcb350449b3", "testCaseId": "a52dff6aee0f42799518efcb350449b3", "fullName": "test_demo_allure#test_fail", "labels": [{"name": "suite", "value": "test_demo_allure"}, {"name": "host", "value": "DESKTOP-7QJN7ML"}, {"name": "thread", "value": "980-MainThread"}, {"name": "framework", "value": "pytest"}, {"name": "language", "value": "cpython3"}, {"name": "package", "value": "test_demo_allure"}], "titlePath": ["test_demo_allure.py"]}