{"name": "test_fail", "status": "failed", "statusDetails": {"message": "AssertionError: assert False", "trace": ">   ???\nE   assert False\n\nd:\\python_learn\\7-pytest单元测试框架模块\\test_demo_allure测试报告\\test_demo_allure.py:9: AssertionError"}, "attachments": [{"name": "stdout", "source": "9903d4cc-d6cb-4b0f-bbe3-f60cd726713e-attachment.txt", "type": "text/plain"}], "start": 1768535538692, "stop": 1768535538692, "uuid": "00f46ce9-849a-4230-b34d-7b80103a9012", "historyId": "a52dff6aee0f42799518efcb350449b3", "testCaseId": "a52dff6aee0f42799518efcb350449b3", "fullName": "test_demo_allure#test_fail", "labels": [{"name": "suite", "value": "test_demo_allure"}, {"name": "host", "value": "DESKTOP-7QJN7ML"}, {"name": "thread", "value": "19976-MainThread"}, {"name": "framework", "value": "pytest"}, {"name": "language", "value": "cpython3"}, {"name": "package", "value": "test_demo_allure"}], "titlePath": ["test_demo_allure.py"]}